<?xml version="1.0" encoding="UTF-8"?>
<testsuite xmlns:xsi="http://www.w3.org/2001/XMLSchema-instance" xsi:noNamespaceSchemaLocation="https://maven.apache.org/surefire/maven-surefire-plugin/xsd/surefire-test-report.xsd" name="pr2.org.GraphTest" time="0.143" tests="10" errors="0" skipped="0" failures="0">
  <properties>
    <property name="java.specification.version" value="15"/>
    <property name="sun.jnu.encoding" value="UTF-8"/>
    <property name="java.class.path" value="/Users/pablo/Documents/Programacion2/Grafos/Grafos/target/test-classes:/Users/pablo/Documents/Programacion2/Grafos/Grafos/target/classes:/Users/pablo/.m2/repository/junit/junit/4.11/junit-4.11.jar:/Users/pablo/.m2/repository/org/hamcrest/hamcrest-core/1.3/hamcrest-core-1.3.jar:"/>
    <property name="java.vm.vendor" value="Oracle Corporation"/>
    <property name="sun.arch.data.model" value="64"/>
    <property name="java.vendor.url" value="https://openjdk.java.net/"/>
    <property name="os.name" value="Mac OS X"/>
    <property name="java.vm.specification.version" value="15"/>
    <property name="sun.java.launcher" value="SUN_STANDARD"/>
    <property name="user.country" value="GB"/>
    <property name="sun.boot.library.path" value="/usr/local/Cellar/openjdk/15.0.2/libexec/openjdk.jdk/Contents/Home/lib"/>
    <property name="sun.java.command" value="/Users/pablo/Documents/Programacion2/Grafos/Grafos/target/surefire/surefirebooter17543522200518068017.jar /Users/pablo/Documents/Programacion2/Grafos/Grafos/target/surefire 2021-05-17T12-33-05_935-jvmRun1 surefire7154420933172903915tmp surefire_011760521052982793719tmp"/>
    <property name="http.nonProxyHosts" value="local|*.local|169.254/16|*.169.254/16"/>
    <property name="jdk.debug" value="release"/>
    <property name="surefire.test.class.path" value="/Users/pablo/Documents/Programacion2/Grafos/Grafos/target/test-classes:/Users/pablo/Documents/Programacion2/Grafos/Grafos/target/classes:/Users/pablo/.m2/repository/junit/junit/4.11/junit-4.11.jar:/Users/pablo/.m2/repository/org/hamcrest/hamcrest-core/1.3/hamcrest-core-1.3.jar:"/>
    <property name="sun.cpu.endian" value="little"/>
    <property name="user.home" value="/Users/pablo"/>
    <property name="user.language" value="en"/>
    <property name="java.specification.vendor" value="Oracle Corporation"/>
    <property name="java.version.date" value="2021-01-19"/>
    <property name="java.home" value="/usr/local/Cellar/openjdk/15.0.2/libexec/openjdk.jdk/Contents/Home"/>
    <property name="file.separator" value="/"/>
    <property name="basedir" value="/Users/pablo/Documents/Programacion2/Grafos/Grafos"/>
    <property name="java.vm.compressedOopsMode" value="Zero based"/>
    <property name="line.separator" value="&#10;"/>
    <property name="java.specification.name" value="Java Platform API Specification"/>
    <property name="java.vm.specification.vendor" value="Oracle Corporation"/>
    <property name="surefire.real.class.path" value="/Users/pablo/Documents/Programacion2/Grafos/Grafos/target/surefire/surefirebooter17543522200518068017.jar"/>
    <property name="sun.management.compiler" value="HotSpot 64-Bit Tiered Compilers"/>
    <property name="ftp.nonProxyHosts" value="local|*.local|169.254/16|*.169.254/16"/>
    <property name="java.runtime.version" value="15.0.2+7"/>
    <property name="user.name" value="pablo"/>
    <property name="path.separator" value=":"/>
    <property name="os.version" value="10.15.4"/>
    <property name="java.runtime.name" value="OpenJDK Runtime Environment"/>
    <property name="file.encoding" value="UTF-8"/>
    <property name="java.vm.name" value="OpenJDK 64-Bit Server VM"/>
    <property name="localRepository" value="/Users/pablo/.m2/repository"/>
    <property name="java.vendor.url.bug" value="https://bugreport.java.com/bugreport/"/>
    <property name="java.io.tmpdir" value="/var/folders/jv/sgkrxj012x5clrwvy_1l141w0000gn/T/"/>
    <property name="java.version" value="15.0.2"/>
    <property name="user.dir" value="/Users/pablo/Documents/Programacion2/Grafos/Grafos"/>
    <property name="os.arch" value="x86_64"/>
    <property name="java.vm.specification.name" value="Java Virtual Machine Specification"/>
    <property name="java.library.path" value="/Users/pablo/Library/Java/Extensions:/Library/Java/Extensions:/Network/Library/Java/Extensions:/System/Library/Java/Extensions:/usr/lib/java:."/>
    <property name="java.vm.info" value="mixed mode, sharing"/>
    <property name="java.vendor" value="N/A"/>
    <property name="java.vm.version" value="15.0.2+7"/>
    <property name="sun.io.unicode.encoding" value="UnicodeBig"/>
    <property name="socksNonProxyHosts" value="local|*.local|169.254/16|*.169.254/16"/>
    <property name="java.class.version" value="59.0"/>
  </properties>
  <testcase name="registroExistsObject" classname="pr2.org.GraphTest" time="0.003"/>
  <testcase name="addingEdgeOk" classname="pr2.org.GraphTest" time="0"/>
  <testcase name="containsVertexFail" classname="pr2.org.GraphTest" time="0.001"/>
  <testcase name="addingEdgeFail" classname="pr2.org.GraphTest" time="0.001"/>
  <testcase name="obtainAdjacentsOk" classname="pr2.org.GraphTest" time="0"/>
  <testcase name="onePathFindsAPath" classname="pr2.org.GraphTest" time="0.002"/>
  <testcase name="obtainAdjacentsFail" classname="pr2.org.GraphTest" time="0"/>
  <testcase name="addingVertexOk" classname="pr2.org.GraphTest" time="0"/>
  <testcase name="addingVertexFail" classname="pr2.org.GraphTest" time="0"/>
  <testcase name="containsVertexOk" classname="pr2.org.GraphTest" time="0.001"/>
</testsuite>